<?xml version="1.0" encoding="UTF-8"?>
<!-- Generated by org.testng.reporters.JUnitReportReporter -->
<testsuite skipped="0" hostname="vani-pavani" name="csg.Ksrtc" tests="1" failures="0" timestamp="08 May 2019 12:37:02 GMT" time="15.273" errors="0">
  <testcase name="GetServiceNumbers" time="15.273" classname="csg.Ksrtc"/>
</testsuite> <!-- csg.Ksrtc -->
