<?xml version="1.0" encoding="UTF-8"?>
<!-- Generated by org.testng.reporters.JUnitReportReporter -->
<testsuite skipped="0" hostname="vani-pavani" name="com.csg.ksrtc.Ksrtc" tests="1" failures="0" timestamp="08 May 2019 12:49:31 GMT" time="17.331" errors="0">
  <testcase name="GetServiceNumbers" time="17.331" classname="com.csg.ksrtc.Ksrtc"/>
</testsuite> <!-- com.csg.ksrtc.Ksrtc -->
