<?xml version="1.0" encoding="UTF-8"?>
<!-- Generated by org.testng.reporters.JUnitReportReporter -->
<testsuite skipped="0" hostname="vani-pavani" name="com.csg.ksrtc.Ksrtc" tests="1" failures="0" timestamp="16 May 2019 01:02:46 GMT" time="15.598" errors="0">
  <testcase name="GetServiceNumbers" time="15.598" classname="com.csg.ksrtc.Ksrtc"/>
</testsuite> <!-- com.csg.ksrtc.Ksrtc -->
